<?xml version="1.0" encoding="UTF-8"?>
<testsuite xmlns:xsi="http://www.w3.org/2001/XMLSchema-instance" xsi:noNamespaceSchemaLocation="https://maven.apache.org/surefire/maven-surefire-plugin/xsd/surefire-test-report.xsd" name="org.example.lesson04.FunctionsTest" time="0.181" tests="10" errors="0" skipped="0" failures="0">
  <properties>
[...]
</properties>
  <testcase name="testParametrizedByObject{Cat, Boolean}[1]" classname="org.example.lesson04.FunctionsTest" time="0.031"/>
  <testcase name="testParametrizedByObject{Cat, Boolean}[2]" classname="org.example.lesson04.FunctionsTest" time="0.004"/>
  <testcase name="testParametrizedByObject{Cat, Boolean}[3]" classname="org.example.lesson04.FunctionsTest" time="0.003"/>
  <testcase name="testIsPalindromeMethod2{String, boolean}[1]" classname="org.example.lesson04.FunctionsTest" time="0.006"/>
  <testcase name="testIsPalindromeMethod2{String, boolean}[2]" classname="org.example.lesson04.FunctionsTest" time="0.002"/>
  <testcase name="testGivenEvenNumberWhenCheckIsEvenThenTrue" classname="org.example.lesson04.FunctionsTest" time="0.003"/>
  <testcase name="testIsPalindromeMethod{String}[1]" classname="org.example.lesson04.FunctionsTest" time="0.003"/>
  <testcase name="testIsPalindromeMethod{String}[2]" classname="org.example.lesson04.FunctionsTest" time="0.004"/>
  <testcase name="testIsNumberPositive" classname="org.example.lesson04.FunctionsTest" time="0.004"/>
  <testcase name="testNotPrimeNumber" classname="org.example.lesson04.FunctionsTest" time="0.003"/>
</testsuite>